<?xml version="1.0" encoding="UTF-8"?>
<robot generator="Robot 5.0.1 (Python 3.9.13 on win32)" generated="20230428 10:38:44.579" rpa="true" schemaversion="3">
<suite id="s1" name="Tasks" source="c:\Users\lucas.santana\projetos\my-rsb-robot\tasks.robot">
<test id="s1-t1" name="Minimal task" line="6">
<kw name="Log" library="BuiltIn">
<arg>Done.</arg>
<doc>Logs the given message with the given level.</doc>
<msg timestamp="20230428 10:38:44.670" level="INFO">Done.</msg>
<status status="PASS" starttime="20230428 10:38:44.669" endtime="20230428 10:38:44.679"/>
</kw>
<status status="PASS" starttime="20230428 10:38:44.665" endtime="20230428 10:38:44.681"/>
</test>
<doc>Template robot main suite.</doc>
<status status="PASS" starttime="20230428 10:38:44.597" endtime="20230428 10:38:44.685"/>
</suite>
<statistics>
<total>
<stat pass="1" fail="0" skip="0">All Tasks</stat>
</total>
<tag>
</tag>
<suite>
<stat pass="1" fail="0" skip="0" id="s1" name="Tasks">Tasks</stat>
</suite>
</statistics>
<errors>
</errors>
</robot>
